<?xml version="1.0" encoding="UTF-8"?>
<testsuite xmlns:xsi="http://www.w3.org/2001/XMLSchema-instance" xsi:noNamespaceSchemaLocation="https://maven.apache.org/surefire/maven-surefire-plugin/xsd/surefire-test-report.xsd" name="com.Chip.runners.FailedTestRunner" time="1.064" tests="5" errors="0" skipped="0" failures="4">
  <properties>
[...]
</properties>
  <testcase name="User should be able to add some words as profanity list and replace it by &apos;removed&apos;" classname="PurgoMalum Tests" time="0.223">
    <failure message="expected:&lt;he is [removed] [][removed]&gt; but was:&lt;he is [removed] [ ][removed]&gt;" type="org.junit.ComparisonFailure"><![CDATA[org.junit.ComparisonFailure: expected:<he is [removed] [][removed]> but was:<he is [removed] [ ][removed]>
]]></failure>
    <system-out><![CDATA[words = 10
profanityWord = 2
HTTP/1.1 200 OK
Content-Type: application/json
Access-Control-Allow-Origin: *
X-Cloud-Trace-Context: f0557205fd6b584182f86784e6b5561a
Date: Sat, 19 Dec 2020 15:23:06 GMT
Server: Google Frontend
Content-Length: 39

{
    "result": "he is [removed]  [removed]"
}
]]></system-out>
  </testcase>
  <testcase name="User should not be able to add more than 10 words as profanity list" classname="PurgoMalum Tests" time="0.213">
    <failure message="expected:&lt;400&gt; but was:&lt;200&gt;" type="java.lang.AssertionError"><![CDATA[java.lang.AssertionError: expected:<400> but was:<200>
]]></failure>
    <system-out><![CDATA[words = 53
profanityWord = 11
HTTP/1.1 200 OK
Content-Type: application/json
Access-Control-Allow-Origin: *
X-Cloud-Trace-Context: f1f8f42cb0ecf780ef7a3c2ee6695716
Date: Sat, 19 Dec 2020 15:23:06 GMT
Server: Google Frontend
Content-Length: 54

{
    "error": "User Black List Exceeds Limit of 10 Words."
}
]]></system-out>
  </testcase>
  <testcase name="User should not be able to add a word more than 200 characters as profanity list" classname="PurgoMalum Tests" time="0.209">
    <failure message="expected:&lt;400&gt; but was:&lt;200&gt;" type="java.lang.AssertionError"><![CDATA[java.lang.AssertionError: expected:<400> but was:<200>
]]></failure>
    <system-out><![CDATA[words = 201
profanityWord = 1
HTTP/1.1 200 OK
Content-Type: application/json
Access-Control-Allow-Origin: *
X-Cloud-Trace-Context: a0255da3d7bfce485e8c4f5e253c8789
Date: Sat, 19 Dec 2020 15:23:06 GMT
Server: Google Frontend
Content-Length: 54

{
    "error": "User Black List Exceeds Limit of 10 Words."
}
]]></system-out>
  </testcase>
  <testcase name="User should not be able to add a replacement word more that 20 characters" classname="PurgoMalum Tests" time="0.202">
    <failure message="expected:&lt;400&gt; but was:&lt;200&gt;" type="java.lang.AssertionError"><![CDATA[java.lang.AssertionError: expected:<400> but was:<200>
]]></failure>
    <system-out><![CDATA[words = 5
profanityWord = 1
HTTP/1.1 200 OK
Content-Type: application/json
Access-Control-Allow-Origin: *
X-Cloud-Trace-Context: 2ff0b2ef4f6df066fd0513d801a6bfdf
Date: Sat, 19 Dec 2020 15:23:06 GMT
Server: Google Frontend
Content-Length: 65

{
    "error": "User Replacement Text Exceeds Limit of 20 Characters."
}
]]></system-out>
  </testcase>
  <testcase name="User should be able to replace words by invalid character" classname="PurgoMalum Tests" time="0.215"/>
</testsuite>